<?xml version="1.0" encoding="UTF-8"?>
<!-- Generated by org.testng.reporters.JUnitXMLReporter -->
<testsuite ignored="0" hostname="8d52bd2578db" failures="0" tests="5" name="passengers-count-3" time="29.118" errors="0" timestamp="2025-04-08T13:06:52 GMT">
  <testcase classname="com.vinsguru.tests.flightreservation.FlightReservationTest" name="userRegistrationTest" time="13.009"/>
  <testcase classname="com.vinsguru.tests.flightreservation.FlightReservationTest" name="registrationConfirmationTest" time="1.235"/>
  <testcase classname="com.vinsguru.tests.flightreservation.FlightReservationTest" name="flightsSearchTest" time="2.151"/>
  <testcase classname="com.vinsguru.tests.flightreservation.FlightReservationTest" name="flightsSelectionTest" time="1.444"/>
  <testcase classname="com.vinsguru.tests.flightreservation.FlightReservationTest" name="flightReservationConfirmationTest" time="1.678"/>
</testsuite> <!-- passengers-count-3 -->
