<?xml version="1.0" encoding="UTF-8"?>
<!-- Generated by org.testng.reporters.JUnitXMLReporter -->
<testsuite ignored="0" hostname="4eda4f44e26e" failures="0" tests="3" name="user-sam" time="24.447" errors="0" timestamp="2025-04-08T13:06:48 GMT">
  <testcase classname="com.vinsguru.tests.vendorportal.VendorPortalTest" name="loginTest" time="4.449"/>
  <testcase classname="com.vinsguru.tests.vendorportal.VendorPortalTest" name="dashboardTest" time="5.74"/>
  <testcase classname="com.vinsguru.tests.vendorportal.VendorPortalTest" name="logoutTest" time="4.306"/>
</testsuite> <!-- user-sam -->
