<?xml version="1.0" encoding="UTF-8"?>
<testng-results ignored="0" total="9" passed="9" failed="0" skipped="0">
  <reporter-output>
  </reporter-output>
  <suite started-at="2025-04-08T13:06:23 GMT" name="vendor-portal" finished-at="2025-04-08T13:06:57 GMT" duration-ms="34163">
    <groups>
    </groups>
    <test started-at="2025-04-08T13:06:23 GMT" name="user-sam" finished-at="2025-04-08T13:06:48 GMT" duration-ms="24447">
      <class name="com.vinsguru.tests.vendorportal.VendorPortalTest">
        <test-method is-config="true" signature="setDriver(org.testng.ITestContext)[pri:0, instance:com.vinsguru.tests.vendorportal.VendorPortalTest@53251a66]" started-at="2025-04-08T13:06:23 GMT" name="setDriver" finished-at="2025-04-08T13:06:32 GMT" duration-ms="9091" status="PASS">
          <params>
            <param index="0">
              <value>
                <![CDATA[org.testng.TestRunner@27eedb64]]>
              </value>
            </param>
          </params>
          <reporter-output>
          </reporter-output>
        </test-method> <!-- setDriver -->
        <test-method is-config="true" signature="setPageObjects(java.lang.String)[pri:0, instance:com.vinsguru.tests.vendorportal.VendorPortalTest@53251a66]" started-at="2025-04-08T13:06:32 GMT" name="setPageObjects" finished-at="2025-04-08T13:06:33 GMT" depends-on-methods="com.vinsguru.tests.AbstractTest.setDriver" duration-ms="444" status="PASS">
          <params>
            <param index="0">
              <value>
                <![CDATA[test-data/vendor-portal/sam.json]]>
              </value>
            </param>
          </params>
          <reporter-output>
          </reporter-output>
        </test-method> <!-- setPageObjects -->
        <test-method signature="loginTest()[pri:0, instance:com.vinsguru.tests.vendorportal.VendorPortalTest@53251a66]" started-at="2025-04-08T13:06:33 GMT" name="loginTest" finished-at="2025-04-08T13:06:37 GMT" duration-ms="4449" status="PASS">
          <reporter-output>
          </reporter-output>
        </test-method> <!-- loginTest -->
        <test-method signature="dashboardTest()[pri:0, instance:com.vinsguru.tests.vendorportal.VendorPortalTest@53251a66]" started-at="2025-04-08T13:06:37 GMT" name="dashboardTest" finished-at="2025-04-08T13:06:43 GMT" depends-on-methods="com.vinsguru.tests.vendorportal.VendorPortalTest.loginTest" duration-ms="5740" status="PASS">
          <reporter-output>
          </reporter-output>
        </test-method> <!-- dashboardTest -->
        <test-method signature="logoutTest()[pri:0, instance:com.vinsguru.tests.vendorportal.VendorPortalTest@53251a66]" started-at="2025-04-08T13:06:43 GMT" name="logoutTest" finished-at="2025-04-08T13:06:47 GMT" depends-on-methods="com.vinsguru.tests.vendorportal.VendorPortalTest.dashboardTest" duration-ms="4306" status="PASS">
          <reporter-output>
          </reporter-output>
        </test-method> <!-- logoutTest -->
        <test-method is-config="true" signature="quitDriver()[pri:0, instance:com.vinsguru.tests.vendorportal.VendorPortalTest@53251a66]" started-at="2025-04-08T13:06:47 GMT" name="quitDriver" finished-at="2025-04-08T13:06:48 GMT" duration-ms="242" status="PASS">
          <reporter-output>
          </reporter-output>
        </test-method> <!-- quitDriver -->
      </class> <!-- com.vinsguru.tests.vendorportal.VendorPortalTest -->
    </test> <!-- user-sam -->
    <test started-at="2025-04-08T13:06:23 GMT" name="user-john" finished-at="2025-04-08T13:06:54 GMT" duration-ms="30835">
      <class name="com.vinsguru.tests.vendorportal.VendorPortalTest">
        <test-method is-config="true" signature="setupConfig()[pri:0, instance:com.vinsguru.tests.vendorportal.VendorPortalTest@54eb2b70]" started-at="2025-04-08T13:06:23 GMT" name="setupConfig" finished-at="2025-04-08T13:06:23 GMT" duration-ms="79" status="PASS">
          <reporter-output>
          </reporter-output>
        </test-method> <!-- setupConfig -->
        <test-method is-config="true" signature="setDriver(org.testng.ITestContext)[pri:0, instance:com.vinsguru.tests.vendorportal.VendorPortalTest@54eb2b70]" started-at="2025-04-08T13:06:23 GMT" name="setDriver" finished-at="2025-04-08T13:06:32 GMT" duration-ms="9223" status="PASS">
          <params>
            <param index="0">
              <value>
                <![CDATA[org.testng.TestRunner@5ce8d869]]>
              </value>
            </param>
          </params>
          <reporter-output>
          </reporter-output>
        </test-method> <!-- setDriver -->
        <test-method is-config="true" signature="setPageObjects(java.lang.String)[pri:0, instance:com.vinsguru.tests.vendorportal.VendorPortalTest@54eb2b70]" started-at="2025-04-08T13:06:32 GMT" name="setPageObjects" finished-at="2025-04-08T13:06:33 GMT" depends-on-methods="com.vinsguru.tests.AbstractTest.setDriver" duration-ms="313" status="PASS">
          <params>
            <param index="0">
              <value>
                <![CDATA[test-data/vendor-portal/john.json]]>
              </value>
            </param>
          </params>
          <reporter-output>
          </reporter-output>
        </test-method> <!-- setPageObjects -->
        <test-method signature="loginTest()[pri:0, instance:com.vinsguru.tests.vendorportal.VendorPortalTest@54eb2b70]" started-at="2025-04-08T13:06:33 GMT" name="loginTest" finished-at="2025-04-08T13:06:38 GMT" duration-ms="5069" status="PASS">
          <reporter-output>
          </reporter-output>
        </test-method> <!-- loginTest -->
        <test-method signature="dashboardTest()[pri:0, instance:com.vinsguru.tests.vendorportal.VendorPortalTest@54eb2b70]" started-at="2025-04-08T13:06:38 GMT" name="dashboardTest" finished-at="2025-04-08T13:06:45 GMT" depends-on-methods="com.vinsguru.tests.vendorportal.VendorPortalTest.loginTest" duration-ms="6710" status="PASS">
          <reporter-output>
          </reporter-output>
        </test-method> <!-- dashboardTest -->
        <test-method signature="logoutTest()[pri:0, instance:com.vinsguru.tests.vendorportal.VendorPortalTest@54eb2b70]" started-at="2025-04-08T13:06:45 GMT" name="logoutTest" finished-at="2025-04-08T13:06:54 GMT" depends-on-methods="com.vinsguru.tests.vendorportal.VendorPortalTest.dashboardTest" duration-ms="9266" status="PASS">
          <reporter-output>
          </reporter-output>
        </test-method> <!-- logoutTest -->
        <test-method is-config="true" signature="quitDriver()[pri:0, instance:com.vinsguru.tests.vendorportal.VendorPortalTest@54eb2b70]" started-at="2025-04-08T13:06:54 GMT" name="quitDriver" finished-at="2025-04-08T13:06:54 GMT" duration-ms="104" status="PASS">
          <reporter-output>
          </reporter-output>
        </test-method> <!-- quitDriver -->
      </class> <!-- com.vinsguru.tests.vendorportal.VendorPortalTest -->
    </test> <!-- user-john -->
    <test started-at="2025-04-08T13:06:23 GMT" name="user-mike" finished-at="2025-04-08T13:06:57 GMT" duration-ms="34155">
      <class name="com.vinsguru.tests.vendorportal.VendorPortalTest">
        <test-method is-config="true" signature="setDriver(org.testng.ITestContext)[pri:0, instance:com.vinsguru.tests.vendorportal.VendorPortalTest@6f7923a5]" started-at="2025-04-08T13:06:23 GMT" name="setDriver" finished-at="2025-04-08T13:06:32 GMT" duration-ms="8484" status="PASS">
          <params>
            <param index="0">
              <value>
                <![CDATA[org.testng.TestRunner@466276d8]]>
              </value>
            </param>
          </params>
          <reporter-output>
          </reporter-output>
        </test-method> <!-- setDriver -->
        <test-method is-config="true" signature="setPageObjects(java.lang.String)[pri:0, instance:com.vinsguru.tests.vendorportal.VendorPortalTest@6f7923a5]" started-at="2025-04-08T13:06:32 GMT" name="setPageObjects" finished-at="2025-04-08T13:06:33 GMT" depends-on-methods="com.vinsguru.tests.AbstractTest.setDriver" duration-ms="1074" status="PASS">
          <params>
            <param index="0">
              <value>
                <![CDATA[test-data/vendor-portal/mike.json]]>
              </value>
            </param>
          </params>
          <reporter-output>
          </reporter-output>
        </test-method> <!-- setPageObjects -->
        <test-method signature="loginTest()[pri:0, instance:com.vinsguru.tests.vendorportal.VendorPortalTest@6f7923a5]" started-at="2025-04-08T13:06:33 GMT" name="loginTest" finished-at="2025-04-08T13:06:38 GMT" duration-ms="5167" status="PASS">
          <reporter-output>
          </reporter-output>
        </test-method> <!-- loginTest -->
        <test-method signature="dashboardTest()[pri:0, instance:com.vinsguru.tests.vendorportal.VendorPortalTest@6f7923a5]" started-at="2025-04-08T13:06:38 GMT" name="dashboardTest" finished-at="2025-04-08T13:06:45 GMT" depends-on-methods="com.vinsguru.tests.vendorportal.VendorPortalTest.loginTest" duration-ms="7336" status="PASS">
          <reporter-output>
          </reporter-output>
        </test-method> <!-- dashboardTest -->
        <test-method signature="logoutTest()[pri:0, instance:com.vinsguru.tests.vendorportal.VendorPortalTest@6f7923a5]" started-at="2025-04-08T13:06:45 GMT" name="logoutTest" finished-at="2025-04-08T13:06:57 GMT" depends-on-methods="com.vinsguru.tests.vendorportal.VendorPortalTest.dashboardTest" duration-ms="11837" status="PASS">
          <reporter-output>
          </reporter-output>
        </test-method> <!-- logoutTest -->
        <test-method is-config="true" signature="quitDriver()[pri:0, instance:com.vinsguru.tests.vendorportal.VendorPortalTest@6f7923a5]" started-at="2025-04-08T13:06:57 GMT" name="quitDriver" finished-at="2025-04-08T13:06:57 GMT" duration-ms="116" status="PASS">
          <reporter-output>
          </reporter-output>
        </test-method> <!-- quitDriver -->
      </class> <!-- com.vinsguru.tests.vendorportal.VendorPortalTest -->
    </test> <!-- user-mike -->
  </suite> <!-- vendor-portal -->
</testng-results>
